2022-02-08 12:11:54.609  INFO 15777 --- [main] o.s.b.w.embedded.tomcat.TomcatWebServer  : Tomcat initialized with port(s): 8080 (http)
2022-02-08 12:11:55.913  INFO 15777 --- [main] o.s.b.w.embedded.tomcat.TomcatWebServer  : Tomcat started on port(s): 8080 (http) with context path ''
2022-02-08 12:13:00.609  INFO 15845 --- [main] o.s.b.w.embedded.tomcat.TomcatWebServer  : Tomcat initialized with port(s): 8080 (http)
2022-02-08 12:13:01.769  INFO 15845 --- [main] o.s.b.w.embedded.tomcat.TomcatWebServer  : Tomcat started on port(s): 8080 (http) with context path ''
2022-02-08 12:15:35.233  INFO 15974 --- [main] o.s.b.w.embedded.tomcat.TomcatWebServer  : Tomcat initialized with port(s): 8080 (http)
2022-02-08 12:15:36.566  INFO 15974 --- [main] o.s.b.w.embedded.tomcat.TomcatWebServer  : Tomcat started on port(s): 8080 (http) with context path ''
2022-02-08 12:19:05.012  INFO 16461 --- [main] o.s.b.w.embedded.tomcat.TomcatWebServer  : Tomcat initialized with port(s): 8080 (http)
2022-02-08 12:19:06.304  INFO 16461 --- [main] o.s.b.w.embedded.tomcat.TomcatWebServer  : Tomcat started on port(s): 8080 (http) with context path ''
2022-02-08 12:20:12.940  INFO 16542 --- [main] o.s.b.w.embedded.tomcat.TomcatWebServer  : Tomcat initialized with port(s): 8080 (http)
2022-02-08 12:20:14.204  INFO 16542 --- [main] o.s.b.w.embedded.tomcat.TomcatWebServer  : Tomcat started on port(s): 8080 (http) with context path ''
2022-02-08 14:55:26.697  INFO 20938 --- [main] o.s.b.w.embedded.tomcat.TomcatWebServer  : Tomcat initialized with port(s): 8080 (http)
2022-02-08 14:55:27.765  INFO 20938 --- [main] o.s.b.w.embedded.tomcat.TomcatWebServer  : Tomcat started on port(s): 8080 (http) with context path ''
2022-02-08 14:56:20.521 ERROR 20938 --- [http-nio-8080-exec-2] c.s.s.s.impl.FireStationAreaService      : Invalid station: 6
2022-02-08 14:57:43.047 ERROR 20938 --- [http-nio-8080-exec-4] c.s.s.service.impl.PhoneAlertService     : Invalid station: 6
2022-02-08 15:01:15.714  INFO 21210 --- [main] o.s.b.w.embedded.tomcat.TomcatWebServer  : Tomcat initialized with port(s): 8080 (http)
2022-02-08 15:01:16.970  INFO 21210 --- [main] o.s.b.w.embedded.tomcat.TomcatWebServer  : Tomcat started on port(s): 8080 (http) with context path ''
2022-02-08 15:38:28.480 ERROR 22361 --- [main] c.s.s.service.impl.ChildAlertService     : Invalid address: 15 rue du Bac
2022-02-08 15:41:23.030 ERROR 22488 --- [main] c.s.sfalert.service.impl.EmailService    : Invalid city: Pitivier
2022-02-08 15:41:45.551 ERROR 22547 --- [main] c.s.sfalert.service.impl.EmailService    : Invalid city: Pitivier
2022-02-08 15:48:13.473 ERROR 22808 --- [main] c.s.s.service.impl.FireAlertService      : Invalid address: 56 avenue Richelieu
2022-02-08 15:50:01.317 ERROR 22889 --- [main] c.s.s.service.impl.FireAlertService      : Invalid address: 56 avenue Richelieu
2022-02-08 15:52:48.912 ERROR 23317 --- [main] c.s.s.service.impl.FireAlertService      : Invalid address: 56 avenue Richelieu
2022-02-08 15:53:14.977 ERROR 23361 --- [main] c.s.s.service.impl.FireAlertService      : Invalid address: 56 avenue Richelieu
2022-02-08 15:58:24.429 ERROR 23519 --- [main] c.s.s.s.impl.FireStationAreaService      : Invalid station: 8
2022-02-08 16:01:35.217 ERROR 23620 --- [main] c.s.s.service.impl.PersonInfoService     : Invalid name: Valjean
2022-02-08 16:01:57.604 ERROR 23669 --- [main] c.s.s.service.impl.PersonInfoService     : Invalid name: Valjean
2022-02-08 16:05:50.995 ERROR 23797 --- [main] c.s.s.service.impl.FloodAlertService     : Invalid station(s): [9, 5]
2022-02-08 16:06:19.795 ERROR 23846 --- [main] c.s.s.service.impl.FloodAlertService     : Invalid station(s): [9, 5]
2022-02-08 16:09:41.763 ERROR 23950 --- [main] c.s.s.service.impl.PhoneAlertService     : Invalid station: 11
2022-02-08 16:10:49.736 ERROR 24128 --- [main] c.s.s.service.impl.PersonInfoService     : Invalid name: Valjean
2022-02-08 16:10:49.792 ERROR 24128 --- [main] c.s.s.service.impl.ChildAlertService     : Invalid address: 15 rue du Bac
2022-02-08 16:10:49.815 ERROR 24128 --- [main] c.s.s.s.impl.FireStationAreaService      : Invalid station: 8
2022-02-08 16:10:49.982 ERROR 24128 --- [main] c.s.sfalert.service.impl.EmailService    : Invalid city: Pitivier
2022-02-08 16:10:50.004 ERROR 24128 --- [main] c.s.s.service.impl.FireAlertService      : Invalid address: 56 avenue Richelieu
2022-02-08 16:10:50.084 ERROR 24128 --- [main] c.s.s.service.impl.PhoneAlertService     : Invalid station: 11
2022-02-08 16:10:50.109 ERROR 24128 --- [main] c.s.s.service.impl.FloodAlertService     : Invalid station(s): [9, 5]
